<?xml version="1.0" encoding="UTF-8"?>
<!-- Generated by org.testng.reporters.JUnitReportReporter -->
<testsuite skipped="2" hostname="DESKTOP-OLK64FU" name="FST_testNG.Activity2" tests="4" failures="1" timestamp="2022-07-23T11:47:14 IST" time="0.134" errors="0">
  <testcase name="testCase4" time="0.001" classname="FST_testNG.Activity2">
    <skipped/>
  </testcase> <!-- testCase4 -->
  <testcase name="testCase1" time="0.033" classname="FST_testNG.Activity2"/>
  <testcase name="testCase2" time="0.100" classname="FST_testNG.Activity2">
    <failure type="java.lang.AssertionError" message="expected [black] but found [Black]">
      <![CDATA[java.lang.AssertionError: expected [black] but found [Black]
at org.testng.Assert.fail(Assert.java:97)
at org.testng.Assert.assertEqualsImpl(Assert.java:136)
at org.testng.Assert.assertEquals(Assert.java:118)
at org.testng.Assert.assertEquals(Assert.java:575)
at org.testng.Assert.assertEquals(Assert.java:585)
at FST_testNG.Activity2.testCase2(Activity2.java:38)
at sun.reflect.NativeMethodAccessorImpl.invoke0(Native Method)
at sun.reflect.NativeMethodAccessorImpl.invoke(Unknown Source)
at sun.reflect.DelegatingMethodAccessorImpl.invoke(Unknown Source)
at java.lang.reflect.Method.invoke(Unknown Source)
at org.testng.internal.MethodInvocationHelper.invokeMethod(MethodInvocationHelper.java:133)
at org.testng.internal.TestInvoker.invokeMethod(TestInvoker.java:584)
at org.testng.internal.TestInvoker.invokeTestMethod(TestInvoker.java:172)
at org.testng.internal.MethodRunner.runInSequence(MethodRunner.java:46)
at org.testng.internal.TestInvoker$MethodInvocationAgent.invoke(TestInvoker.java:804)
at org.testng.internal.TestInvoker.invokeTestMethods(TestInvoker.java:145)
at org.testng.internal.TestMethodWorker.invokeTestMethods(TestMethodWorker.java:146)
at org.testng.internal.TestMethodWorker.run(TestMethodWorker.java:128)
at java.util.concurrent.ThreadPoolExecutor.runWorker(Unknown Source)
at java.util.concurrent.ThreadPoolExecutor$Worker.run(Unknown Source)
at java.lang.Thread.run(Unknown Source)
]]>
    </failure>
  </testcase> <!-- testCase2 -->
  <testcase name="testCase3" classname="FST_testNG.Activity2">
    <skipped/>
  </testcase> <!-- testCase3 -->
</testsuite> <!-- FST_testNG.Activity2 -->
