<?xml version="1.0" encoding="UTF-8"?>
<!-- Generated by org.testng.reporters.JUnitReportReporter -->
<testsuite skipped="0" hostname="DESKTOP-OLK64FU" name="suiteExample.DemoOne" tests="2" failures="0" timestamp="2022-07-23T10:34:14 IST" time="0.002" errors="0">
  <testcase name="secondTestCase" time="0.001" classname="suiteExample.DemoOne"/>
  <testcase name="firstTestCase" time="0.001" classname="suiteExample.DemoOne"/>
</testsuite> <!-- suiteExample.DemoOne -->
