<?xml version="1.0" encoding="UTF-8"?>
<!-- Generated by org.testng.reporters.JUnitReportReporter -->
<testsuite skipped="0" hostname="DESKTOP-OLK64FU" name="FST_testNG.Activity7" tests="1" failures="0" timestamp="2022-07-23T11:47:14 IST" time="0.602" errors="0">
  <testcase name="loginTestCase" time="0.602" classname="FST_testNG.Activity7"/>
</testsuite> <!-- FST_testNG.Activity7 -->
