<?xml version="1.0" encoding="UTF-8"?>
<!-- Generated by org.testng.reporters.JUnitReportReporter -->
<testsuite skipped="0" hostname="DESKTOP-OLK64FU" name="FST_testNG.Activity10" tests="5" failures="0" timestamp="2022-07-23T12:21:37 IST" time="1.966" errors="0">
  <testcase name="sliderTo30Test" time="0.489" classname="FST_testNG.Activity10"/>
  <testcase name="sliderToMiddleTest" time="0.289" classname="FST_testNG.Activity10"/>
  <testcase name="sliderTo80Test" time="0.386" classname="FST_testNG.Activity10"/>
  <testcase name="sliderToMinTest" time="0.401" classname="FST_testNG.Activity10"/>
  <testcase name="sliderToMaxTest" time="0.401" classname="FST_testNG.Activity10"/>
</testsuite> <!-- FST_testNG.Activity10 -->
