<?xml version="1.0" encoding="UTF-8"?>
<!-- Generated by org.testng.reporters.JUnitReportReporter -->
<testsuite skipped="0" hostname="DESKTOP-OLK64FU" name="FST_testNG.Activity9" tests="3" failures="0" timestamp="2022-07-23T12:00:40 IST" time="0.404" errors="0">
  <testcase name="simpleAlertTestCase" time="0.163" classname="FST_testNG.Activity9"/>
  <testcase name="confirmAlertTestCase" time="0.113" classname="FST_testNG.Activity9"/>
  <testcase name="promptAlertTestCase" time="0.128" classname="FST_testNG.Activity9"/>
</testsuite> <!-- FST_testNG.Activity9 -->
