<?xml version="1.0" encoding="UTF-8"?>
<!-- Generated by org.testng.reporters.JUnitReportReporter -->
<testsuite skipped="0" hostname="DESKTOP-OLK64FU" name="suiteExample.DemoTwo" tests="1" failures="0" timestamp="2022-07-23T10:34:14 IST" time="0.001" errors="0">
  <testcase name="TestCase" time="0.001" classname="suiteExample.DemoTwo"/>
</testsuite> <!-- suiteExample.DemoTwo -->
