<?xml version="1.0" encoding="UTF-8"?>
<!-- Generated by org.testng.reporters.JUnitReportReporter -->
<testsuite skipped="0" hostname="DESKTOP-OLK64FU" name="SeleniumProject_Work.Activity1" tests="1" failures="0" timestamp="2022-08-02T16:55:10 IST" time="16.053" errors="0">
  <testcase name="exampleTestCase" time="16.053" classname="SeleniumProject_Work.Activity1"/>
</testsuite> <!-- SeleniumProject_Work.Activity1 -->
