<?xml version="1.0" encoding="UTF-8"?>
<!-- Generated by org.testng.reporters.JUnitReportReporter -->
<testsuite skipped="0" hostname="DESKTOP-OLK64FU" name="SeleniumProject_Work.lms_Project" tests="1" failures="0" timestamp="2022-07-31T17:19:43 IST" time="12.215" errors="0">
  <testcase name="exampleTestCase" time="12.215" classname="SeleniumProject_Work.lms_Project"/>
</testsuite> <!-- SeleniumProject_Work.lms_Project -->
