<?xml version="1.0" encoding="UTF-8"?>
<!-- Generated by org.testng.reporters.JUnitReportReporter -->
<testsuite skipped="0" hostname="DESKTOP-OLK64FU" name="FST_testNG.Activity3" tests="1" failures="0" timestamp="2022-07-23T11:47:14 IST" time="0.346" errors="0">
  <testcase name="loginTest" time="0.346" classname="FST_testNG.Activity3"/>
</testsuite> <!-- FST_testNG.Activity3 -->
